Start testing: Nov 02 09:25 CST
----------------------------------------------------------
1/1 Testing: mytest
1/1 Test: mytest
Command: "/home/qigao/cmake/t2/build/bin/hello"
Directory: /home/qigao/cmake/t2/build
"mytest" start time: Nov 02 09:25 CST
Output:
----------------------------------------------------------
Hello t2!
<end of output>
Test time =   0.00 sec
----------------------------------------------------------
Test Passed.
"mytest" end time: Nov 02 09:25 CST
"mytest" time elapsed: 00:00:00
----------------------------------------------------------

End testing: Nov 02 09:25 CST
